2023-07-27 12:57:04,607 - __main__ - INFO - Tokens read successfully!
2023-07-27 12:57:06,991 - __main__ - INFO - CONDIÇÕES DE NAVEGABILIDADE NA BTS: ALERTA AMARELO
2023-07-27 14:09:20,045 - __main__ - INFO - Tokens read successfully!
2023-07-27 14:09:21,955 - __main__ - INFO - ALERTA AMARELO
2023-07-27 15:10:15,864 - __main__ - INFO - Tokens read successfully!
2023-07-27 15:10:18,377 - __main__ - INFO - ALERTA AMARELO
2023-07-27 16:13:20,845 - __main__ - INFO - Tokens read successfully!
2023-07-27 16:13:23,132 - __main__ - INFO - ALERTA AMARELO
2023-07-27 17:09:10,077 - __main__ - INFO - Tokens read successfully!
2023-07-27 17:09:11,984 - __main__ - INFO - ALERTA AMARELO
2023-07-27 18:12:48,913 - __main__ - INFO - Tokens read successfully!
2023-07-27 18:12:51,275 - __main__ - INFO - ALERTA AMARELO
2023-07-27 19:08:04,716 - __main__ - INFO - Tokens read successfully!
2023-07-27 19:08:06,564 - __main__ - INFO - ALERTA AMARELO
2023-07-27 20:10:12,207 - __main__ - INFO - Tokens read successfully!
2023-07-27 20:10:14,174 - __main__ - INFO - ALERTA AMARELO
2023-07-27 21:08:11,193 - __main__ - INFO - Tokens read successfully!
2023-07-27 21:08:13,332 - __main__ - INFO - ALERTA AMARELO
2023-07-27 22:09:28,708 - __main__ - INFO - Tokens read successfully!
2023-07-27 22:09:30,812 - __main__ - INFO - ALERTA AMARELO
2023-07-27 23:09:55,569 - __main__ - INFO - Tokens read successfully!
2023-07-27 23:09:58,349 - __main__ - INFO - ALERTA AMARELO
2023-07-28 00:55:20,145 - __main__ - INFO - Tokens read successfully!
2023-07-28 00:55:22,959 - __main__ - INFO - ALERTA AMARELO
2023-07-28 02:00:03,110 - __main__ - INFO - Tokens read successfully!
2023-07-28 02:00:06,284 - __main__ - INFO - ALERTA AMARELO
2023-07-28 02:31:59,714 - __main__ - INFO - Tokens read successfully!
2023-07-28 02:32:01,968 - __main__ - INFO - ALERTA AMARELO
2023-07-28 03:10:27,962 - __main__ - INFO - Tokens read successfully!
2023-07-28 03:10:30,825 - __main__ - INFO - ALERTA AMARELO
2023-07-28 04:12:23,252 - __main__ - INFO - Tokens read successfully!
2023-07-28 04:12:26,389 - __main__ - INFO - ALERTA AMARELO
2023-07-28 05:09:31,474 - __main__ - INFO - Tokens read successfully!
2023-07-28 05:09:34,240 - __main__ - INFO - ALERTA AMARELO
2023-07-28 06:13:39,410 - __main__ - INFO - Tokens read successfully!
2023-07-28 06:13:41,766 - __main__ - INFO - ALERTA AMARELO
2023-07-28 07:09:40,267 - __main__ - INFO - Tokens read successfully!
2023-07-28 07:09:43,113 - __main__ - INFO - ALERTA AMARELO
2023-07-28 08:12:47,707 - __main__ - INFO - Tokens read successfully!
2023-07-28 08:12:50,251 - __main__ - INFO - ALERTA AMARELO
2023-07-28 09:10:02,295 - __main__ - INFO - Tokens read successfully!
2023-07-28 09:10:04,343 - __main__ - INFO - ALERTA AMARELO
2023-07-28 10:10:34,166 - __main__ - INFO - Tokens read successfully!
2023-07-28 10:10:36,066 - __main__ - INFO - ALERTA AMARELO
2023-07-28 11:08:13,428 - __main__ - INFO - Tokens read successfully!
2023-07-28 11:08:16,213 - __main__ - INFO - ALERTA AMARELO
2023-07-28 12:20:19,508 - __main__ - INFO - Tokens read successfully!
2023-07-28 12:20:21,375 - __main__ - INFO - ALERTA AMARELO
2023-07-28 13:13:32,593 - __main__ - INFO - Tokens read successfully!
2023-07-28 13:13:34,541 - __main__ - INFO - ALERTA AMARELO
2023-07-28 14:09:28,673 - __main__ - INFO - Tokens read successfully!
2023-07-28 14:09:31,994 - __main__ - INFO - ALERTA AMARELO
2023-07-28 15:10:51,437 - __main__ - INFO - Tokens read successfully!
2023-07-28 15:10:54,392 - __main__ - INFO - ALERTA AMARELO
2023-07-28 16:13:11,580 - __main__ - INFO - Tokens read successfully!
2023-07-28 16:13:13,627 - __main__ - INFO - ALERTA AMARELO
2023-07-28 17:08:43,320 - __main__ - INFO - Tokens read successfully!
2023-07-28 17:08:46,236 - __main__ - INFO - ALERTA AMARELO
2023-07-28 18:11:55,403 - __main__ - INFO - Tokens read successfully!
2023-07-28 18:11:57,547 - __main__ - INFO - ALERTA AMARELO
2023-07-28 19:08:11,173 - __main__ - INFO - Tokens read successfully!
2023-07-28 19:08:13,088 - __main__ - INFO - ALERTA AMARELO
2023-07-28 20:10:40,422 - __main__ - INFO - Tokens read successfully!
2023-07-28 20:10:43,161 - __main__ - INFO - ALERTA AMARELO
2023-07-28 21:08:43,413 - __main__ - INFO - Tokens read successfully!
2023-07-28 21:08:45,405 - __main__ - INFO - ALERTA AMARELO
2023-07-28 22:09:22,186 - __main__ - INFO - Tokens read successfully!
2023-07-28 22:09:24,214 - __main__ - INFO - ALERTA AMARELO
2023-07-28 23:09:46,194 - __main__ - INFO - Tokens read successfully!
2023-07-28 23:09:48,070 - __main__ - INFO - ALERTA AMARELO
2023-07-29 00:55:38,771 - __main__ - INFO - Tokens read successfully!
2023-07-29 00:55:41,843 - __main__ - INFO - ALERTA AMARELO
2023-07-29 01:56:10,369 - __main__ - INFO - Tokens read successfully!
2023-07-29 01:56:12,169 - __main__ - INFO - ALERTA AMARELO
2023-07-29 02:23:50,836 - __main__ - INFO - Tokens read successfully!
2023-07-29 02:23:53,549 - __main__ - INFO - ALERTA AMARELO
2023-07-29 03:10:08,290 - __main__ - INFO - Tokens read successfully!
2023-07-29 03:10:11,109 - __main__ - INFO - ALERTA AMARELO
2023-07-29 04:11:40,087 - __main__ - INFO - Tokens read successfully!
2023-07-29 04:11:42,033 - __main__ - INFO - ALERTA AMARELO
2023-07-29 05:09:17,181 - __main__ - INFO - Tokens read successfully!
2023-07-29 05:09:19,725 - __main__ - INFO - ALERTA AMARELO
2023-07-29 06:12:04,840 - __main__ - INFO - Tokens read successfully!
2023-07-29 06:12:07,553 - __main__ - INFO - ALERTA AMARELO
2023-07-29 07:08:28,694 - __main__ - INFO - Tokens read successfully!
2023-07-29 07:08:30,941 - __main__ - INFO - ALERTA AMARELO
2023-07-29 08:11:42,473 - __main__ - INFO - Tokens read successfully!
2023-07-29 08:11:45,534 - __main__ - INFO - ALERTA AMARELO
2023-07-29 09:08:45,673 - __main__ - INFO - Tokens read successfully!
2023-07-29 09:08:48,602 - __main__ - INFO - ALERTA AMARELO
2023-07-29 10:09:40,406 - __main__ - INFO - Tokens read successfully!
2023-07-29 10:09:42,344 - __main__ - INFO - ALERTA AMARELO
2023-07-29 11:07:42,206 - __main__ - INFO - Tokens read successfully!
2023-07-29 11:07:44,938 - __main__ - INFO - ALERTA AMARELO
2023-07-29 12:18:17,354 - __main__ - INFO - Tokens read successfully!
2023-07-29 12:18:19,696 - __main__ - INFO - ALERTA AMARELO
2023-07-29 13:10:47,494 - __main__ - INFO - Tokens read successfully!
2023-07-29 13:10:49,884 - __main__ - INFO - ALERTA AMARELO
2023-07-29 14:08:13,328 - __main__ - INFO - Tokens read successfully!
2023-07-29 14:08:15,210 - __main__ - INFO - ALERTA AMARELO
2023-07-29 15:09:07,298 - __main__ - INFO - Tokens read successfully!
2023-07-29 15:09:10,294 - __main__ - INFO - ALERTA VERDE 
2023-07-29 16:11:40,307 - __main__ - INFO - Tokens read successfully!
2023-07-29 16:11:42,269 - __main__ - INFO - ALERTA VERDE 
2023-07-29 17:08:09,690 - __main__ - INFO - Tokens read successfully!
2023-07-29 17:08:11,772 - __main__ - INFO - ALERTA VERDE 
2023-07-29 18:11:19,920 - __main__ - INFO - Tokens read successfully!
2023-07-29 18:11:22,279 - __main__ - INFO - ALERTA VERDE 
2023-07-29 19:07:36,076 - __main__ - INFO - Tokens read successfully!
2023-07-29 19:07:39,036 - __main__ - INFO - ALERTA VERDE 
2023-07-29 20:09:40,833 - __main__ - INFO - Tokens read successfully!
2023-07-29 20:09:43,183 - __main__ - INFO - ALERTA VERDE 
2023-07-29 21:08:11,446 - __main__ - INFO - Tokens read successfully!
2023-07-29 21:08:13,388 - __main__ - INFO - ALERTA VERDE 
2023-07-29 22:08:45,846 - __main__ - INFO - Tokens read successfully!
2023-07-29 22:08:47,805 - __main__ - INFO - ALERTA VERDE 
2023-07-29 23:09:22,054 - __main__ - INFO - Tokens read successfully!
2023-07-29 23:09:24,876 - __main__ - INFO - ALERTA VERDE 
2023-07-30 00:57:58,979 - __main__ - INFO - Tokens read successfully!
2023-07-30 00:58:01,599 - __main__ - INFO - ALERTA VERDE 
2023-07-30 02:01:25,573 - __main__ - INFO - Tokens read successfully!
2023-07-30 02:01:28,192 - __main__ - INFO - ALERTA VERDE 
2023-07-30 03:10:12,448 - __main__ - INFO - Tokens read successfully!
2023-07-30 03:10:15,122 - __main__ - INFO - ALERTA VERDE 
2023-07-30 04:11:37,124 - __main__ - INFO - Tokens read successfully!
2023-07-30 04:11:39,428 - __main__ - INFO - ALERTA VERDE 
2023-07-30 05:09:10,016 - __main__ - INFO - Tokens read successfully!
2023-07-30 05:09:12,604 - __main__ - INFO - ALERTA VERDE 
2023-07-30 06:12:07,745 - __main__ - INFO - Tokens read successfully!
2023-07-30 06:12:10,015 - __main__ - INFO - ALERTA VERDE 
2023-07-30 07:08:40,038 - __main__ - INFO - Tokens read successfully!
2023-07-30 07:08:42,929 - __main__ - INFO - ALERTA VERDE 
2023-07-30 08:11:37,035 - __main__ - INFO - Tokens read successfully!
2023-07-30 08:11:39,031 - __main__ - INFO - ALERTA VERDE 
2023-07-30 09:09:13,273 - __main__ - INFO - Tokens read successfully!
2023-07-30 09:09:16,023 - __main__ - INFO - ALERTA VERDE 
2023-07-30 10:09:56,690 - __main__ - INFO - Tokens read successfully!
2023-07-30 10:09:59,928 - __main__ - INFO - ALERTA VERDE 
2023-07-30 11:07:48,179 - __main__ - INFO - Tokens read successfully!
2023-07-30 11:07:50,975 - __main__ - INFO - ALERTA VERDE 
2023-07-30 12:18:50,613 - __main__ - INFO - Tokens read successfully!
2023-07-30 12:18:52,535 - __main__ - INFO - ALERTA VERDE 
2023-07-30 13:10:56,796 - __main__ - INFO - Tokens read successfully!
2023-07-30 13:10:59,601 - __main__ - INFO - ALERTA VERDE 
2023-07-30 14:08:10,426 - __main__ - INFO - Tokens read successfully!
2023-07-30 14:08:12,434 - __main__ - INFO - ALERTA VERDE 
2023-07-30 15:09:21,295 - __main__ - INFO - Tokens read successfully!
2023-07-30 15:09:23,682 - __main__ - INFO - ALERTA VERDE 
2023-07-30 16:12:05,035 - __main__ - INFO - Tokens read successfully!
2023-07-30 16:12:08,067 - __main__ - INFO - ALERTA VERDE 
2023-07-30 17:08:10,381 - __main__ - INFO - Tokens read successfully!
2023-07-30 17:08:12,365 - __main__ - INFO - ALERTA VERDE 
2023-07-30 18:11:39,364 - __main__ - INFO - Tokens read successfully!
2023-07-30 18:11:41,364 - __main__ - INFO - ALERTA VERDE 
2023-07-30 19:07:44,803 - __main__ - INFO - Tokens read successfully!
2023-07-30 19:07:47,693 - __main__ - INFO - ALERTA VERDE 
2023-07-30 20:09:45,800 - __main__ - INFO - Tokens read successfully!
2023-07-30 20:09:47,567 - __main__ - INFO - ALERTA VERDE 
2023-07-30 21:08:28,765 - __main__ - INFO - Tokens read successfully!
2023-07-30 21:08:30,636 - __main__ - INFO - ALERTA VERDE 
2023-07-30 22:08:55,853 - __main__ - INFO - Tokens read successfully!
2023-07-30 22:08:58,804 - __main__ - INFO - ALERTA VERDE 
2023-07-30 23:09:41,206 - __main__ - INFO - Tokens read successfully!
2023-07-30 23:09:43,169 - __main__ - INFO - ALERTA VERDE 
2023-07-31 00:57:25,500 - __main__ - INFO - Tokens read successfully!
2023-07-31 00:57:27,672 - __main__ - INFO - ALERTA VERDE 
2023-07-31 02:03:48,184 - __main__ - INFO - Tokens read successfully!
2023-07-31 02:03:50,789 - __main__ - INFO - ALERTA VERDE 
2023-07-31 03:10:55,660 - __main__ - INFO - Tokens read successfully!
2023-07-31 03:10:58,390 - __main__ - INFO - ALERTA VERDE 
2023-07-31 04:12:13,291 - __main__ - INFO - Tokens read successfully!
2023-07-31 04:12:15,898 - __main__ - INFO - ALERTA VERDE 
2023-07-31 05:10:19,440 - __main__ - INFO - Tokens read successfully!
2023-07-31 05:10:21,543 - __main__ - INFO - ALERTA VERDE 
2023-07-31 06:13:43,389 - __main__ - INFO - Tokens read successfully!
2023-07-31 06:13:46,335 - __main__ - INFO - ALERTA VERDE 
2023-07-31 07:10:17,583 - __main__ - INFO - Tokens read successfully!
2023-07-31 07:10:19,548 - __main__ - INFO - ALERTA VERDE 
2023-07-31 08:14:19,814 - __main__ - INFO - Tokens read successfully!
2023-07-31 08:14:21,977 - __main__ - INFO - ALERTA VERDE 
2023-07-31 09:11:19,347 - __main__ - INFO - Tokens read successfully!
2023-07-31 09:11:21,415 - __main__ - INFO - ALERTA VERDE 
2023-07-31 10:11:41,141 - __main__ - INFO - Tokens read successfully!
2023-07-31 10:11:43,500 - __main__ - INFO - ALERTA VERDE 
2023-07-31 11:08:44,937 - __main__ - INFO - Tokens read successfully!
2023-07-31 11:08:46,768 - __main__ - INFO - ALERTA VERDE 
2023-07-31 12:21:56,452 - __main__ - INFO - Tokens read successfully!
2023-07-31 12:21:58,853 - __main__ - INFO - ALERTA VERDE 
2023-07-31 13:15:31,673 - __main__ - INFO - Tokens read successfully!
2023-07-31 13:15:34,184 - __main__ - INFO - ALERTA VERDE 
2023-07-31 14:10:21,922 - __main__ - INFO - Tokens read successfully!
2023-07-31 14:10:24,548 - __main__ - INFO - ALERTA VERDE 
2023-07-31 15:11:28,914 - __main__ - INFO - Tokens read successfully!
2023-07-31 15:11:30,857 - __main__ - INFO - ALERTA VERDE 
2023-07-31 16:14:22,564 - __main__ - INFO - Tokens read successfully!
2023-07-31 16:14:24,575 - __main__ - INFO - ALERTA VERDE 
2023-07-31 17:09:23,458 - __main__ - INFO - Tokens read successfully!
2023-07-31 17:09:25,973 - __main__ - INFO - ALERTA VERDE 
2023-07-31 18:13:12,140 - __main__ - INFO - Tokens read successfully!
2023-07-31 18:13:14,575 - __main__ - INFO - ALERTA VERDE 
2023-07-31 19:08:14,396 - __main__ - INFO - Tokens read successfully!
2023-07-31 19:08:16,864 - __main__ - INFO - ALERTA VERDE 
2023-07-31 20:10:34,265 - __main__ - INFO - Tokens read successfully!
2023-07-31 20:10:36,525 - __main__ - INFO - ALERTA VERDE 
2023-07-31 21:09:08,293 - __main__ - INFO - Tokens read successfully!
2023-07-31 21:09:11,066 - __main__ - INFO - ALERTA VERDE 
2023-07-31 22:09:36,551 - __main__ - INFO - Tokens read successfully!
2023-07-31 22:09:38,335 - __main__ - INFO - ALERTA VERDE 
2023-07-31 23:10:10,994 - __main__ - INFO - Tokens read successfully!
2023-07-31 23:10:12,945 - __main__ - INFO - ALERTA VERDE 
2023-08-01 01:01:51,325 - __main__ - INFO - Tokens read successfully!
2023-08-01 01:01:53,658 - __main__ - INFO - ALERTA VERDE 
2023-08-01 02:33:19,619 - __main__ - INFO - Tokens read successfully!
2023-08-01 02:33:22,073 - __main__ - INFO - ALERTA VERDE 
2023-08-01 03:11:22,032 - __main__ - INFO - Tokens read successfully!
2023-08-01 03:11:25,270 - __main__ - INFO - ALERTA VERDE 
2023-08-01 04:12:31,158 - __main__ - INFO - Tokens read successfully!
2023-08-01 04:12:34,201 - __main__ - INFO - ALERTA VERDE 
2023-08-01 05:10:02,722 - __main__ - INFO - Tokens read successfully!
2023-08-01 05:10:04,562 - __main__ - INFO - ALERTA VERDE 
2023-08-01 06:14:33,747 - __main__ - INFO - Tokens read successfully!
2023-08-01 06:14:37,024 - __main__ - INFO - ALERTA VERDE 
2023-08-01 07:10:26,332 - __main__ - INFO - Tokens read successfully!
2023-08-01 07:10:29,316 - __main__ - INFO - ALERTA VERDE 
2023-08-01 08:13:33,012 - __main__ - INFO - Tokens read successfully!
2023-08-01 08:13:35,479 - __main__ - INFO - ALERTA VERDE 
2023-08-01 09:10:35,916 - __main__ - INFO - Tokens read successfully!
2023-08-01 09:10:38,328 - __main__ - INFO - ALERTA VERDE 
2023-08-01 10:10:59,146 - __main__ - INFO - Tokens read successfully!
2023-08-01 10:11:01,378 - __main__ - INFO - ALERTA VERDE 
2023-08-01 11:08:16,203 - __main__ - INFO - Tokens read successfully!
2023-08-01 11:08:18,811 - __main__ - INFO - ALERTA AMARELO
2023-08-01 12:21:15,904 - __main__ - INFO - Tokens read successfully!
2023-08-01 12:21:18,533 - __main__ - INFO - ALERTA AMARELO
2023-08-01 13:13:22,367 - __main__ - INFO - Tokens read successfully!
2023-08-01 13:13:24,804 - __main__ - INFO - ALERTA AMARELO
2023-08-01 14:09:51,147 - __main__ - INFO - Tokens read successfully!
2023-08-01 14:09:53,002 - __main__ - INFO - ALERTA AMARELO
2023-08-01 15:10:49,017 - __main__ - INFO - Tokens read successfully!
2023-08-01 15:10:51,925 - __main__ - INFO - ALERTA AMARELO
2023-08-01 16:13:22,489 - __main__ - INFO - Tokens read successfully!
2023-08-01 16:13:24,449 - __main__ - INFO - ALERTA AMARELO
2023-08-01 17:08:57,884 - __main__ - INFO - Tokens read successfully!
2023-08-01 17:09:00,695 - __main__ - INFO - ALERTA AMARELO
2023-08-01 18:12:44,206 - __main__ - INFO - Tokens read successfully!
2023-08-01 18:12:46,239 - __main__ - INFO - ALERTA AMARELO
2023-08-01 19:08:17,592 - __main__ - INFO - Tokens read successfully!
2023-08-01 19:08:20,379 - __main__ - INFO - ALERTA AMARELO
2023-08-01 20:10:48,499 - __main__ - INFO - Tokens read successfully!
2023-08-01 20:10:51,441 - __main__ - INFO - ALERTA AMARELO
2023-08-01 21:09:04,049 - __main__ - INFO - Tokens read successfully!
2023-08-01 21:09:06,705 - __main__ - INFO - ALERTA AMARELO
2023-08-01 22:09:16,440 - __main__ - INFO - Tokens read successfully!
2023-08-01 22:09:19,163 - __main__ - INFO - ALERTA AMARELO
2023-08-01 23:10:03,929 - __main__ - INFO - Tokens read successfully!
2023-08-01 23:10:06,337 - __main__ - INFO - ALERTA AMARELO
2023-08-02 00:54:32,224 - __main__ - INFO - Tokens read successfully!
2023-08-02 00:54:34,214 - __main__ - INFO - ALERTA AMARELO
2023-08-02 01:55:07,937 - __main__ - INFO - Tokens read successfully!
2023-08-02 01:55:10,181 - __main__ - INFO - ALERTA AMARELO
2023-08-02 02:22:54,955 - __main__ - INFO - Tokens read successfully!
2023-08-02 02:22:56,913 - __main__ - INFO - ALERTA AMARELO
2023-08-02 03:10:25,716 - __main__ - INFO - Tokens read successfully!
2023-08-02 03:10:28,004 - __main__ - INFO - ALERTA AMARELO
2023-08-02 04:11:59,814 - __main__ - INFO - Tokens read successfully!
2023-08-02 04:12:02,584 - __main__ - INFO - ALERTA AMARELO
2023-08-02 05:09:47,670 - __main__ - INFO - Tokens read successfully!
2023-08-02 05:09:49,902 - __main__ - INFO - ALERTA AMARELO
2023-08-02 06:13:37,967 - __main__ - INFO - Tokens read successfully!
2023-08-02 06:13:40,873 - __main__ - INFO - ALERTA AMARELO
2023-08-02 07:09:49,095 - __main__ - INFO - Tokens read successfully!
2023-08-02 07:09:51,107 - __main__ - INFO - ALERTA AMARELO
2023-08-02 08:12:51,398 - __main__ - INFO - Tokens read successfully!
2023-08-02 08:12:53,618 - __main__ - INFO - ALERTA AMARELO
2023-08-02 09:10:14,567 - __main__ - INFO - Tokens read successfully!
2023-08-02 09:10:17,963 - __main__ - INFO - ALERTA AMARELO
2023-08-02 10:11:20,564 - __main__ - INFO - Tokens read successfully!
2023-08-02 10:11:22,492 - __main__ - INFO - ALERTA AMARELO
2023-08-02 11:08:35,274 - __main__ - INFO - Tokens read successfully!
2023-08-02 11:08:38,398 - __main__ - INFO - ALERTA AMARELO
2023-08-02 12:20:16,635 - __main__ - INFO - Tokens read successfully!
2023-08-02 12:20:19,199 - __main__ - INFO - ALERTA AMARELO
2023-08-02 13:13:32,212 - __main__ - INFO - Tokens read successfully!
2023-08-02 13:13:34,207 - __main__ - INFO - ALERTA AMARELO
2023-08-02 14:09:25,326 - __main__ - INFO - Tokens read successfully!
2023-08-02 14:09:27,352 - __main__ - INFO - ALERTA AMARELO
2023-08-02 15:09:53,635 - __main__ - INFO - Tokens read successfully!
2023-08-02 15:09:56,729 - __main__ - INFO - ALERTA AMARELO
2023-08-02 16:13:21,873 - __main__ - INFO - Tokens read successfully!
2023-08-02 16:13:23,868 - __main__ - INFO - ALERTA AMARELO
2023-08-02 17:09:05,369 - __main__ - INFO - Tokens read successfully!
2023-08-02 17:09:07,244 - __main__ - INFO - ALERTA AMARELO
2023-08-02 18:12:39,577 - __main__ - INFO - Tokens read successfully!
2023-08-02 18:12:42,527 - __main__ - INFO - ALERTA AMARELO
2023-08-02 19:08:12,355 - __main__ - INFO - Tokens read successfully!
2023-08-02 19:08:14,723 - __main__ - INFO - ALERTA AMARELO
2023-08-02 20:10:39,734 - __main__ - INFO - Tokens read successfully!
2023-08-02 20:10:42,100 - __main__ - INFO - ALERTA AMARELO
2023-08-02 21:08:46,708 - __main__ - INFO - Tokens read successfully!
2023-08-02 21:08:49,469 - __main__ - INFO - ALERTA AMARELO
2023-08-02 22:09:15,880 - __main__ - INFO - Tokens read successfully!
2023-08-02 22:09:18,627 - __main__ - INFO - ALERTA AMARELO
2023-08-02 23:09:31,375 - __main__ - INFO - Tokens read successfully!
2023-08-02 23:09:33,730 - __main__ - INFO - ALERTA AMARELO
2023-08-03 00:57:40,473 - __main__ - INFO - Tokens read successfully!
2023-08-03 00:57:42,891 - __main__ - INFO - ALERTA AMARELO
2023-08-03 01:59:42,083 - __main__ - INFO - Tokens read successfully!
2023-08-03 01:59:44,445 - __main__ - INFO - ALERTA AMARELO
2023-08-03 02:30:03,492 - __main__ - INFO - Tokens read successfully!
2023-08-03 02:30:06,267 - __main__ - INFO - ALERTA AMARELO
2023-08-03 03:10:32,948 - __main__ - INFO - Tokens read successfully!
2023-08-03 03:10:34,928 - __main__ - INFO - ALERTA AMARELO
2023-08-03 04:12:10,023 - __main__ - INFO - Tokens read successfully!
2023-08-03 04:12:13,815 - __main__ - INFO - ALERTA AMARELO
2023-08-03 05:09:42,582 - __main__ - INFO - Tokens read successfully!
2023-08-03 05:09:44,416 - __main__ - INFO - ALERTA AMARELO
2023-08-03 06:13:31,091 - __main__ - INFO - Tokens read successfully!
2023-08-03 06:13:33,543 - __main__ - INFO - ALERTA AMARELO
2023-08-03 07:09:41,473 - __main__ - INFO - Tokens read successfully!
2023-08-03 07:09:43,620 - __main__ - INFO - ALERTA AMARELO
2023-08-03 08:12:45,936 - __main__ - INFO - Tokens read successfully!
2023-08-03 08:12:47,764 - __main__ - INFO - ALERTA AMARELO
2023-08-03 09:10:06,831 - __main__ - INFO - Tokens read successfully!
2023-08-03 09:10:08,837 - __main__ - INFO - ALERTA AMARELO
2023-08-03 10:11:02,806 - __main__ - INFO - Tokens read successfully!
2023-08-03 10:11:05,252 - __main__ - INFO - ALERTA VERDE
2023-08-03 11:08:39,169 - __main__ - INFO - Tokens read successfully!
2023-08-03 11:08:41,112 - __main__ - INFO - ALERTA VERDE
2023-08-03 12:20:51,624 - __main__ - INFO - Tokens read successfully!
2023-08-03 12:20:54,403 - __main__ - INFO - ALERTA VERDE
2023-08-03 13:13:19,074 - __main__ - INFO - Tokens read successfully!
2023-08-03 13:13:21,915 - __main__ - INFO - ALERTA VERDE
